pre,name=ADSNet
加载数据完毕， val236测试集,阈值=0.5,file=/data/wenjiahua/light_data/ADSNet_testdata/gyRecod/ads/ADSNet_model_maxETS.pkl

 0.74420 0.55323 0.39125 0.18935 0.05335 0.00202 0.00300 0.00416 0.00119 0.00076 0.00123 0.00406
 0.85156 0.89616 0.90182 0.90760 0.92539 0.98868 0.96901 0.95772 0.98304 0.98118 0.96453 0.92413
 0.14123 0.09581 0.08517 0.06621 0.03211 0.00172 0.00274 0.00380 0.00112 0.00073 0.00119 0.00387
 0.13807 0.09285 0.08250 0.06399 0.03062 0.00113 0.00240 0.00348 0.00089 0.00060 0.00107 0.00367
------------neighbor-----------------
 0.60172 0.44119 0.30161 0.14092 0.04043 0.00439 0.00572 0.00559 0.00213 0.00091 0.00135 0.00371
 0.58941 0.71065 0.72967 0.75720 0.80241 0.91618 0.79726 0.80143 0.89187 0.92095 0.86357 0.76352
 0.32285 0.21174 0.16626 0.09790 0.03473 0.00419 0.00559 0.00547 0.00209 0.00090 0.00134 0.00367
 0.31575 0.20456 0.16007 0.09364 0.03262 0.00352 0.00522 0.00513 0.00186 0.00077 0.00122 0.00347
-------------输出逐小时-------------------

Point-> POD: 0.26106  FAR: 0.71008  TS: 0.15924  ETS: 0.14408 FOM: 0.73894 BIAS: 0.90047 HSS: 0.25188 PC: 0.95555
Neighbor-> POD: 0.60172  FAR: 0.58941  TS: 0.32285  ETS: 0.31575 FOM: 0.39828 BIAS: 1.46548 HSS: 0.47995 PC: 0.98334

 0.74420 0.68140 0.61601 0.54965 0.48193 0.42300 0.38083 0.34889 0.32300 0.29988 0.27915 0.26106
 0.85156 0.82096 0.79488 0.77280 0.75813 0.74651 0.73673 0.72947 0.72381 0.71966 0.71502 0.71008
 0.14123 0.16521 0.18187 0.19154 0.19196 0.18836 0.18436 0.17977 0.17493 0.16944 0.16417 0.15924
 0.13807 0.16011 0.17522 0.18358 0.18273 0.17792 0.17288 0.16743 0.16183 0.15565 0.14970 0.14408
------------neighbor-----------------
 0.60172 0.60172 0.60172 0.60172 0.60172 0.60172 0.60172 0.60172 0.60172 0.60172 0.60172 0.60172
 0.58941 0.58941 0.58941 0.58941 0.58941 0.58941 0.58941 0.58941 0.58941 0.58941 0.58941 0.58941
 0.32285 0.32285 0.32285 0.32285 0.32285 0.32285 0.32285 0.32285 0.32285 0.32285 0.32285 0.32285
 0.31575 0.31575 0.31575 0.31575 0.31575 0.31575 0.31575 0.31575 0.31575 0.31575 0.31575 0.31575
