pre,name=LightNet
加载数据完毕， val236测试集,阈值=0.5,file=/data/wenjiahua/light_data/ADSNet_testdata/gyRecod/light/LightNet_model_maxETS.pkl

 0.77513 0.64070 0.49470 0.35484 0.23843 0.17247 0.13669 0.13762 0.12206 0.08540 0.04628 0.01694
 0.86752 0.92051 0.93677 0.94321 0.94150 0.93868 0.94608 0.94215 0.94161 0.94455 0.95768 0.97770
 0.12757 0.07610 0.05940 0.05148 0.04929 0.04738 0.04022 0.04246 0.04112 0.03479 0.02261 0.00972
 0.12432 0.07296 0.05642 0.04863 0.04644 0.04451 0.03742 0.03993 0.03884 0.03279 0.02075 0.00804
------------neighbor-----------------
 0.63421 0.54043 0.41781 0.30632 0.20389 0.14529 0.11664 0.11412 0.10067 0.06924 0.03619 0.01636
 0.62918 0.76573 0.80926 0.82689 0.82522 0.82363 0.84192 0.83234 0.82775 0.84124 0.88441 0.92657
 0.30548 0.19536 0.15069 0.12436 0.10388 0.08656 0.07194 0.07285 0.06785 0.05066 0.02834 0.01356
 0.29785 0.18699 0.14257 0.11697 0.09722 0.08056 0.06624 0.06778 0.06340 0.04712 0.02538 0.01115
-------------输出逐小时-------------------
TEST EPOCH INFO: 
Point-> POD: 0.45222  FAR: 0.75824  TS: 0.18700  ETS: 0.16620 FOM: 0.54778 BIAS: 1.87052 HSS: 0.28503 PC: 0.93660
Neighbor-> POD: 0.63421  FAR: 0.62918  TS: 0.30548  ETS: 0.29785 FOM: 0.36579 BIAS: 1.71029 HSS: 0.45899 PC: 0.98097

 0.77513 0.76317 0.72653 0.69471 0.65103 0.60395 0.57166 0.54302 0.51942 0.49993 0.47750 0.45222
 0.86752 0.85983 0.84728 0.82790 0.81159 0.80092 0.79308 0.78583 0.77842 0.76968 0.76338 0.75824
 0.12757 0.13432 0.14442 0.16000 0.17113 0.17609 0.17915 0.18146 0.18388 0.18720 0.18796 0.18700
 0.12432 0.12883 0.13700 0.15086 0.16028 0.16345 0.16483 0.16570 0.16683 0.16894 0.16845 0.16620
------------neighbor-----------------
 0.63421 0.63421 0.63421 0.63421 0.63421 0.63421 0.63421 0.63421 0.63421 0.63421 0.63421 0.63421
 0.62918 0.62918 0.62918 0.62918 0.62918 0.62918 0.62918 0.62918 0.62918 0.62918 0.62918 0.62918
 0.30548 0.30548 0.30548 0.30548 0.30548 0.30548 0.30548 0.30548 0.30548 0.30548 0.30548 0.30548
 0.29785 0.29785 0.29785 0.29785 0.29785 0.29785 0.29785 0.29785 0.29785 0.29785 0.29785 0.29785
pre,name=LightNet
加载数据完毕， val236测试集,阈值=0.5,file=/data/wenjiahua/light_data/ADSNet_testdata/gyRecod/light/LightNet_model_maxETS.pkl
