
 累加 light
 0.77513 0.76317 0.72653 0.69471 0.65103 0.60395 0.57166 0.54302 0.51942 0.49993 0.47750 0.45222
 0.86752 0.85983 0.84728 0.82790 0.81159 0.80092 0.79308 0.78583 0.77842 0.76968 0.76338 0.75824
 0.12757 0.13432 0.14442 0.16000 0.17113 0.17609 0.17915 0.18146 0.18388 0.18720 0.18796 0.18700
 0.12432 0.12883 0.13700 0.15086 0.16028 0.16345 0.16483 0.16570 0.16683 0.16894 0.16845 0.16620
 累加 ads
 0.74420 0.68140 0.61601 0.54965 0.48193 0.42300 0.38083 0.34889 0.32300 0.29988 0.27915 0.26106
 0.85156 0.82096 0.79488 0.77280 0.75813 0.74651 0.73673 0.72947 0.72381 0.71966 0.71502 0.71008
 0.14123 0.16521 0.18187 0.19154 0.19196 0.18836 0.18436 0.17977 0.17493 0.16944 0.16417 0.15924
 0.13807 0.16011 0.17522 0.18358 0.18273 0.17792 0.17288 0.16743 0.16183 0.15565 0.14970 0.14408
 累加 moe
 0.69746 0.64650 0.59258 0.55008 0.52002 0.49031 0.46818 0.44968 0.43176 0.41591 0.39778 0.37847
 0.83599 0.81110 0.80296 0.79101 0.77516 0.76321 0.75590 0.75028 0.74488 0.73709 0.73030 0.72366
 0.15312 0.17121 0.17353 0.17848 0.18620 0.19002 0.19111 0.19127 0.19099 0.19201 0.19151 0.19008
 0.15006 0.16624 0.16686 0.17028 0.17649 0.17876 0.17837 0.17721 0.17577 0.17575 0.17419 0.17171
------------neighbor-----------------
 累加moe
 0.43833 0.43833 0.43833 0.43833 0.43833 0.43833 0.43833 0.43833 0.43833 0.43833 0.43833 0.43833
 0.48439 0.48439 0.48439 0.48439 0.48439 0.48439 0.48439 0.48439 0.48439 0.48439 0.48439 0.48439
 0.31048 0.31048 0.31048 0.31048 0.31048 0.31048 0.31048 0.31048 0.31048 0.31048 0.31048 0.31048
 0.30495 0.30495 0.30495 0.30495 0.30495 0.30495 0.30495 0.30495 0.30495 0.30495 0.30495 0.30495
 累加light
 0.50058 0.50058 0.50058 0.50058 0.50058 0.50058 0.50058 0.50058 0.50058 0.50058 0.50058 0.50058
 0.53993 0.53993 0.53993 0.53993 0.53993 0.53993 0.53993 0.53993 0.53993 0.53993 0.53993 0.53993
 0.31533 0.31533 0.31533 0.31533 0.31533 0.31533 0.31533 0.31533 0.31533 0.31533 0.31533 0.31533
 0.30908 0.30908 0.30908 0.30908 0.30908 0.30908 0.30908 0.30908 0.30908 0.30908 0.30908 0.30908
 累加ads
 0.50360 0.50360 0.50360 0.50360 0.50360 0.50360 0.50360 0.50360 0.50360 0.50360 0.50360 0.50360
 0.52076 0.52076 0.52076 0.52076 0.52076 0.52076 0.52076 0.52076 0.52076 0.52076 0.52076 0.52076
 0.32548 0.32548 0.32548 0.32548 0.32548 0.32548 0.32548 0.32548 0.32548 0.32548 0.32548 0.32548
 0.31938 0.31938 0.31938 0.31938 0.31938 0.31938 0.31938 0.31938 0.31938 0.31938 0.31938 0.31938

 逐个moe
 0.69746 0.49877 0.34244 0.24093 0.21320 0.17837 0.14214 0.13448 0.11559 0.09547 0.05565 0.02122
 0.83599 0.88519 0.91983 0.93572 0.92828 0.92385 0.93427 0.93720 0.93952 0.93661 0.94666 0.96969
 0.15312 0.10293 0.06947 0.05346 0.05671 0.05637 0.04706 0.04473 0.04135 0.03961 0.02800 0.01264
 0.15006 0.10008 0.06676 0.05085 0.05405 0.05364 0.04439 0.04228 0.03913 0.03762 0.02619 0.01104

 逐个 ads
 0.74420 0.55323 0.39125 0.18935 0.05335 0.00202 0.00300 0.00416 0.00119 0.00076 0.00123 0.00406
 0.85156 0.89616 0.90182 0.90760 0.92539 0.98868 0.96901 0.95772 0.98304 0.98118 0.96453 0.92413
 0.14123 0.09581 0.08517 0.06621 0.03211 0.00172 0.00274 0.00380 0.00112 0.00073 0.00119 0.00387
 0.13807 0.09285 0.08250 0.06399 0.03062 0.00113 0.00240 0.00348 0.00089 0.00060 0.00107 0.00367

 逐个 light
 0.77513 0.64070 0.49470 0.35484 0.23843 0.17247 0.13669 0.13762 0.12206 0.08540 0.04628 0.01694
 0.86752 0.92051 0.93677 0.94321 0.94150 0.93868 0.94608 0.94215 0.94161 0.94455 0.95768 0.97770
 0.12757 0.07610 0.05940 0.05148 0.04929 0.04738 0.04022 0.04246 0.04112 0.03479 0.02261 0.00972
 0.12432 0.07296 0.05642 0.04863 0.04644 0.04451 0.03742 0.03993 0.03884 0.03279 0.02075 0.00804
------------neighbor-----------------
 moe
 0.43833 0.27062 0.17462 0.11438 0.08090 0.05847 0.04389 0.04173 0.03723 0.02485 0.01078 0.00464
 0.48439 0.61202 0.71641 0.78837 0.79274 0.77581 0.79387 0.79789 0.79164 0.81766 0.87508 0.90151
 0.31048 0.18966 0.12117 0.08021 0.06178 0.04863 0.03755 0.03583 0.03262 0.02236 0.01003 0.00445
 0.30495 0.18474 0.11664 0.07613 0.05830 0.04588 0.03519 0.03368 0.03079 0.02096 0.00904 0.00386
 ads
 0.60172 0.44119 0.30161 0.14092 0.04043 0.00439 0.00572 0.00559 0.00213 0.00091 0.00135 0.00371
 0.58941 0.71065 0.72967 0.75720 0.80241 0.91618 0.79726 0.80143 0.89187 0.92095 0.86357 0.76352
 0.32285 0.21174 0.16626 0.09790 0.03473 0.00419 0.00559 0.00547 0.00209 0.00090 0.00134 0.00367
 0.31575 0.20456 0.16007 0.09364 0.03262 0.00352 0.00522 0.00513 0.00186 0.00077 0.00122 0.00347
 light
 0.63421 0.54043 0.41781 0.30632 0.20389 0.14529 0.11664 0.11412 0.10067 0.06924 0.03619 0.01636
 0.62918 0.76573 0.80926 0.82689 0.82522 0.82363 0.84192 0.83234 0.82775 0.84124 0.88441 0.92657
 0.30548 0.19536 0.15069 0.12436 0.10388 0.08656 0.07194 0.07285 0.06785 0.05066 0.02834 0.01356
 0.29785 0.18699 0.14257 0.11697 0.09722 0.08056 0.06624 0.06778 0.06340 0.04712 0.02538 0.01115