nohup: ignoring input
pre,name=MOE
0/236
1/236
2/236
3/236
4/236
5/236
6/236
7/236
8/236
9/236
10/236
11/236
12/236
13/236
14/236
15/236
16/236
17/236
18/236
19/236
20/236
21/236
22/236
23/236
24/236
25/236
26/236
27/236
28/236
29/236
30/236
31/236
32/236
33/236
34/236
35/236
36/236
37/236
38/236
39/236
40/236
41/236
42/236
43/236
44/236
45/236
46/236
47/236
48/236
49/236
50/236
51/236
52/236
53/236
54/236
55/236
56/236
57/236
58/236
59/236
60/236
61/236
62/236
63/236
64/236
65/236
66/236
67/236
68/236
69/236
70/236
71/236
72/236
73/236
74/236
75/236
76/236
77/236
78/236
79/236
80/236
81/236
82/236
83/236
84/236
85/236
86/236
87/236
88/236
89/236
90/236
91/236
92/236
93/236
94/236
95/236
96/236
97/236
98/236
99/236
100/236
101/236
102/236
103/236
104/236
105/236
106/236
107/236
108/236
109/236
110/236
111/236
112/236
113/236
114/236
115/236
116/236
117/236
118/236
119/236
120/236
121/236
122/236
123/236
124/236
125/236
126/236
127/236
128/236
129/236
130/236
131/236
132/236
133/236
134/236
135/236
136/236
137/236
138/236
139/236
140/236
141/236
142/236
143/236
144/236
145/236
146/236
147/236
148/236
149/236
150/236
151/236
152/236
153/236
154/236
155/236
156/236
157/236
158/236
159/236
160/236
161/236
162/236
163/236
164/236
165/236
166/236
167/236
168/236
169/236
170/236
171/236
172/236
173/236
174/236
175/236
176/236
177/236
178/236
179/236
180/236
181/236
182/236
183/236
184/236
185/236
186/236
187/236
188/236
189/236
190/236
191/236
192/236
193/236
194/236
195/236
196/236
197/236
198/236
199/236
200/236
201/236
202/236
203/236
204/236
205/236
206/236
207/236
208/236
209/236
210/236
211/236
212/236
213/236
214/236
215/236
216/236
217/236
218/236
219/236
220/236
221/236
222/236
223/236
224/236
225/236
226/236
227/236
228/236
229/236
230/236
231/236
232/236
233/236
234/236
235/236
strict tensor(16613) tensor(81744) tensor(6409) tensor(5861550)
neighbor tensor(44420) tensor(53937) tensor(34341) tensor(5833618)
TEST EPOCH INFO: 
Point-> POD: 0.72161  FAR: 0.83109  TS: 0.15857  ETS: 0.15551 FOM: 0.27839 BIAS: 4.27230 HSS: 0.26917 PC: 0.98522
Neighbor-> POD: 0.56398  FAR: 0.54838  TS: 0.33475  ETS: 0.32817 FOM: 0.43602 BIAS: 1.24880 HSS: 0.49417 PC: 0.98520

 0.72161
 0.83109
 0.15857
 0.15551
neighbor
 0.56398
 0.54838
 0.33475
 0.32817
strict tensor(11204) tensor(91739) tensor(9876) tensor(5853497)
neighbor tensor(30623) tensor(72320) tensor(43030) tensor(5820343)
TEST EPOCH INFO: 
Point-> POD: 0.53150  FAR: 0.89116  TS: 0.09931  ETS: 0.09640 FOM: 0.46850 BIAS: 4.88344 HSS: 0.17584 PC: 0.98297
Neighbor-> POD: 0.41577  FAR: 0.70252  TS: 0.20979  ETS: 0.20285 FOM: 0.58423 BIAS: 1.39768 HSS: 0.33728 PC: 0.98067

 0.72161 0.53150
 0.83109 0.89116
 0.15857 0.09931
 0.15551 0.09640
neighbor
 0.56398 0.41577
 0.54838 0.70252
 0.33475 0.20979
 0.32817 0.20285
strict tensor(6811) tensor(65353) tensor(13207) tensor(5880945)
neighbor tensor(19244) tensor(52920) tensor(52255) tensor(5841897)
TEST EPOCH INFO: 
Point-> POD: 0.34024  FAR: 0.90562  TS: 0.07978  ETS: 0.07716 FOM: 0.65976 BIAS: 3.60496 HSS: 0.14327 PC: 0.98683
Neighbor-> POD: 0.26915  FAR: 0.73333  TS: 0.15467  ETS: 0.14875 FOM: 0.73085 BIAS: 1.00930 HSS: 0.25898 PC: 0.98237

 0.72161 0.53150 0.34024
 0.83109 0.89116 0.90562
 0.15857 0.09931 0.07978
 0.15551 0.09640 0.07716
neighbor
 0.56398 0.41577 0.26915
 0.54838 0.70252 0.73333
 0.33475 0.20979 0.15467
 0.32817 0.20285 0.14875
strict tensor(4135) tensor(49018) tensor(15564) tensor(5897599)
neighbor tensor(11897) tensor(41256) tensor(57658) tensor(5855505)
TEST EPOCH INFO: 
Point-> POD: 0.20991  FAR: 0.92221  TS: 0.06017  ETS: 0.05777 FOM: 0.79009 BIAS: 2.69826 HSS: 0.10923 PC: 0.98918
Neighbor-> POD: 0.17104  FAR: 0.77617  TS: 0.10736  ETS: 0.10234 FOM: 0.82896 BIAS: 0.76419 HSS: 0.18568 PC: 0.98342

 0.72161 0.53150 0.34024 0.20991
 0.83109 0.89116 0.90562 0.92221
 0.15857 0.09931 0.07978 0.06017
 0.15551 0.09640 0.07716 0.05777
neighbor
 0.56398 0.41577 0.26915 0.17104
 0.54838 0.70252 0.73333 0.77617
 0.33475 0.20979 0.15467 0.10736
 0.32817 0.20285 0.14875 0.10234
strict tensor(3533) tensor(38889) tensor(17668) tensor(5906226)
neighbor tensor(9937) tensor(32485) tensor(64133) tensor(5859761)
TEST EPOCH INFO: 
Point-> POD: 0.16664  FAR: 0.91672  TS: 0.05880  ETS: 0.05643 FOM: 0.83336 BIAS: 2.00094 HSS: 0.10683 PC: 0.99052
Neighbor-> POD: 0.13416  FAR: 0.76576  TS: 0.09326  ETS: 0.08875 FOM: 0.86584 BIAS: 0.57273 HSS: 0.16304 PC: 0.98381

 0.72161 0.53150 0.34024 0.20991 0.16664
 0.83109 0.89116 0.90562 0.92221 0.91672
 0.15857 0.09931 0.07978 0.06017 0.05880
 0.15551 0.09640 0.07716 0.05777 0.05643
neighbor
 0.56398 0.41577 0.26915 0.17104 0.13416
 0.54838 0.70252 0.73333 0.77617 0.76576
 0.33475 0.20979 0.15467 0.10736 0.09326
 0.32817 0.20285 0.14875 0.10234 0.08875
strict tensor(3886) tensor(36902) tensor(19347) tensor(5906181)
neighbor tensor(10148) tensor(30640) tensor(69175) tensor(5856353)
TEST EPOCH INFO: 
Point-> POD: 0.16726  FAR: 0.90473  TS: 0.06462  ETS: 0.06214 FOM: 0.83274 BIAS: 1.75561 HSS: 0.11702 PC: 0.99057
Neighbor-> POD: 0.12793  FAR: 0.75120  TS: 0.09229  ETS: 0.08779 FOM: 0.87207 BIAS: 0.51420 HSS: 0.16140 PC: 0.98327

 0.72161 0.53150 0.34024 0.20991 0.16664 0.16726
 0.83109 0.89116 0.90562 0.92221 0.91672 0.90473
 0.15857 0.09931 0.07978 0.06017 0.05880 0.06462
 0.15551 0.09640 0.07716 0.05777 0.05643 0.06214
neighbor
 0.56398 0.41577 0.26915 0.17104 0.13416 0.12793
 0.54838 0.70252 0.73333 0.77617 0.76576 0.75120
 0.33475 0.20979 0.15467 0.10736 0.09326 0.09229
 0.32817 0.20285 0.14875 0.10234 0.08875 0.08779
strict tensor(3558) tensor(39755) tensor(19757) tensor(5903246)
neighbor tensor(9462) tensor(33851) tensor(70641) tensor(5852362)
TEST EPOCH INFO: 
Point-> POD: 0.15261  FAR: 0.91785  TS: 0.05641  ETS: 0.05387 FOM: 0.84739 BIAS: 1.85773 HSS: 0.10224 PC: 0.99003
Neighbor-> POD: 0.11812  FAR: 0.78154  TS: 0.08303  ETS: 0.07833 FOM: 0.88188 BIAS: 0.54072 HSS: 0.14528 PC: 0.98249

 0.72161 0.53150 0.34024 0.20991 0.16664 0.16726 0.15261
 0.83109 0.89116 0.90562 0.92221 0.91672 0.90473 0.91785
 0.15857 0.09931 0.07978 0.06017 0.05880 0.06462 0.05641
 0.15551 0.09640 0.07716 0.05777 0.05643 0.06214 0.05387
neighbor
 0.56398 0.41577 0.26915 0.17104 0.13416 0.12793 0.11812
 0.54838 0.70252 0.73333 0.77617 0.76576 0.75120 0.78154
 0.33475 0.20979 0.15467 0.10736 0.09326 0.09229 0.08303
 0.32817 0.20285 0.14875 0.10234 0.08875 0.08779 0.07833
strict tensor(3133) tensor(41803) tensor(18245) tensor(5903135)
neighbor tensor(8366) tensor(36570) tensor(66351) tensor(5855029)
TEST EPOCH INFO: 
Point-> POD: 0.14655  FAR: 0.93028  TS: 0.04959  ETS: 0.04716 FOM: 0.85345 BIAS: 2.10197 HSS: 0.09007 PC: 0.98994
Neighbor-> POD: 0.11197  FAR: 0.81382  TS: 0.07517  ETS: 0.07047 FOM: 0.88803 BIAS: 0.60142 HSS: 0.13167 PC: 0.98275

 0.72161 0.53150 0.34024 0.20991 0.16664 0.16726 0.15261 0.14655
 0.83109 0.89116 0.90562 0.92221 0.91672 0.90473 0.91785 0.93028
 0.15857 0.09931 0.07978 0.06017 0.05880 0.06462 0.05641 0.04959
 0.15551 0.09640 0.07716 0.05777 0.05643 0.06214 0.05387 0.04716
neighbor
 0.56398 0.41577 0.26915 0.17104 0.13416 0.12793 0.11812 0.11197
 0.54838 0.70252 0.73333 0.77617 0.76576 0.75120 0.78154 0.81382
 0.33475 0.20979 0.15467 0.10736 0.09326 0.09229 0.08303 0.07517
 0.32817 0.20285 0.14875 0.10234 0.08875 0.08779 0.07833 0.07047
strict tensor(2747) tensor(38008) tensor(17358) tensor(5908203)
neighbor tensor(7482) tensor(33273) tensor(64424) tensor(5861137)
TEST EPOCH INFO: 
Point-> POD: 0.13663  FAR: 0.93260  TS: 0.04727  ETS: 0.04501 FOM: 0.86337 BIAS: 2.02711 HSS: 0.08615 PC: 0.99072
Neighbor-> POD: 0.10405  FAR: 0.81642  TS: 0.07114  ETS: 0.06678 FOM: 0.89595 BIAS: 0.56678 HSS: 0.12520 PC: 0.98363

 0.72161 0.53150 0.34024 0.20991 0.16664 0.16726 0.15261 0.14655 0.13663
 0.83109 0.89116 0.90562 0.92221 0.91672 0.90473 0.91785 0.93028 0.93260
 0.15857 0.09931 0.07978 0.06017 0.05880 0.06462 0.05641 0.04959 0.04727
 0.15551 0.09640 0.07716 0.05777 0.05643 0.06214 0.05387 0.04716 0.04501
neighbor
 0.56398 0.41577 0.26915 0.17104 0.13416 0.12793 0.11812 0.11197 0.10405
 0.54838 0.70252 0.73333 0.77617 0.76576 0.75120 0.78154 0.81382 0.81642
 0.33475 0.20979 0.15467 0.10736 0.09326 0.09229 0.08303 0.07517 0.07114
 0.32817 0.20285 0.14875 0.10234 0.08875 0.08779 0.07833 0.07047 0.06678
strict tensor(2542) tensor(34331) tensor(17129) tensor(5912314)
neighbor tensor(6825) tensor(30048) tensor(62641) tensor(5866802)
TEST EPOCH INFO: 
Point-> POD: 0.12923  FAR: 0.93106  TS: 0.04707  ETS: 0.04492 FOM: 0.87077 BIAS: 1.87449 HSS: 0.08598 PC: 0.99137
Neighbor-> POD: 0.09825  FAR: 0.81491  TS: 0.06858  ETS: 0.06455 FOM: 0.90175 BIAS: 0.53081 HSS: 0.12127 PC: 0.98446

 0.72161 0.53150 0.34024 0.20991 0.16664 0.16726 0.15261 0.14655 0.13663 0.12923
 0.83109 0.89116 0.90562 0.92221 0.91672 0.90473 0.91785 0.93028 0.93260 0.93106
 0.15857 0.09931 0.07978 0.06017 0.05880 0.06462 0.05641 0.04959 0.04727 0.04707
 0.15551 0.09640 0.07716 0.05777 0.05643 0.06214 0.05387 0.04716 0.04501 0.04492
neighbor
 0.56398 0.41577 0.26915 0.17104 0.13416 0.12793 0.11812 0.11197 0.10405 0.09825
 0.54838 0.70252 0.73333 0.77617 0.76576 0.75120 0.78154 0.81382 0.81642 0.81491
 0.33475 0.20979 0.15467 0.10736 0.09326 0.09229 0.08303 0.07517 0.07114 0.06858
 0.32817 0.20285 0.14875 0.10234 0.08875 0.08779 0.07833 0.07047 0.06678 0.06455
strict tensor(2420) tensor(29575) tensor(18713) tensor(5915608)
neighbor tensor(6668) tensor(25327) tensor(67144) tensor(5867177)
TEST EPOCH INFO: 
Point-> POD: 0.11451  FAR: 0.92436  TS: 0.04772  ETS: 0.04559 FOM: 0.88549 BIAS: 1.51398 HSS: 0.08721 PC: 0.99191
Neighbor-> POD: 0.09034  FAR: 0.79159  TS: 0.06726  ETS: 0.06352 FOM: 0.90966 BIAS: 0.43347 HSS: 0.11945 PC: 0.98450

 0.72161 0.53150 0.34024 0.20991 0.16664 0.16726 0.15261 0.14655 0.13663 0.12923 0.11451
 0.83109 0.89116 0.90562 0.92221 0.91672 0.90473 0.91785 0.93028 0.93260 0.93106 0.92436
 0.15857 0.09931 0.07978 0.06017 0.05880 0.06462 0.05641 0.04959 0.04727 0.04707 0.04772
 0.15551 0.09640 0.07716 0.05777 0.05643 0.06214 0.05387 0.04716 0.04501 0.04492 0.04559
neighbor
 0.56398 0.41577 0.26915 0.17104 0.13416 0.12793 0.11812 0.11197 0.10405 0.09825 0.09034
 0.54838 0.70252 0.73333 0.77617 0.76576 0.75120 0.78154 0.81382 0.81642 0.81491 0.79159
 0.33475 0.20979 0.15467 0.10736 0.09326 0.09229 0.08303 0.07517 0.07114 0.06858 0.06726
 0.32817 0.20285 0.14875 0.10234 0.08875 0.08779 0.07833 0.07047 0.06678 0.06455 0.06352
strict tensor(2046) tensor(25041) tensor(21089) tensor(5918140)
neighbor tensor(5775) tensor(21312) tensor(73113) tensor(5866116)
TEST EPOCH INFO: 
Point-> POD: 0.08844  FAR: 0.92447  TS: 0.04247  ETS: 0.04038 FOM: 0.91156 BIAS: 1.17082 HSS: 0.07762 PC: 0.99227
Neighbor-> POD: 0.07321  FAR: 0.78680  TS: 0.05763  ETS: 0.05425 FOM: 0.92679 BIAS: 0.34336 HSS: 0.10292 PC: 0.98417

 0.72161 0.53150 0.34024 0.20991 0.16664 0.16726 0.15261 0.14655 0.13663 0.12923 0.11451 0.08844
 0.83109 0.89116 0.90562 0.92221 0.91672 0.90473 0.91785 0.93028 0.93260 0.93106 0.92436 0.92447
 0.15857 0.09931 0.07978 0.06017 0.05880 0.06462 0.05641 0.04959 0.04727 0.04707 0.04772 0.04247
 0.15551 0.09640 0.07716 0.05777 0.05643 0.06214 0.05387 0.04716 0.04501 0.04492 0.04559 0.04038
neighbor
 0.56398 0.41577 0.26915 0.17104 0.13416 0.12793 0.11812 0.11197 0.10405 0.09825 0.09034 0.07321
 0.54838 0.70252 0.73333 0.77617 0.76576 0.75120 0.78154 0.81382 0.81642 0.81491 0.79159 0.78680
 0.33475 0.20979 0.15467 0.10736 0.09326 0.09229 0.08303 0.07517 0.07114 0.06858 0.06726 0.05763
 0.32817 0.20285 0.14875 0.10234 0.08875 0.08779 0.07833 0.07047 0.06678 0.06455 0.06352 0.05425
现在输出累加数据
strict tensor(16613) tensor(81744) tensor(6409) tensor(5861550)
neighbor tensor(44420) tensor(53937) tensor(34341) tensor(5833618)
TEST EPOCH INFO: 
Point-> POD: 0.72161  FAR: 0.83109  TS: 0.15857  ETS: 0.15551 FOM: 0.27839 BIAS: 4.27230 HSS: 0.26917 PC: 0.98522
Neighbor-> POD: 0.56398  FAR: 0.54838  TS: 0.33475  ETS: 0.32817 FOM: 0.43602 BIAS: 1.24880 HSS: 0.49417 PC: 0.98520

 0.72161
 0.83109
 0.15857
 0.15551
neighbor
 0.56398
 0.54838
 0.33475
 0.32817
 0.56398
 0.54838
 0.33475
 0.32817
strict tensor(27817) tensor(173483) tensor(16285) tensor(11715047)
neighbor tensor(75043) tensor(126257) tensor(77371) tensor(11653961)
TEST EPOCH INFO: 
Point-> POD: 0.63074  FAR: 0.86181  TS: 0.12784  ETS: 0.12485 FOM: 0.36926 BIAS: 4.56442 HSS: 0.22199 PC: 0.98410
Neighbor-> POD: 0.49236  FAR: 0.62721  TS: 0.26929  ETS: 0.26248 FOM: 0.50764 BIAS: 1.32074 HSS: 0.41582 PC: 0.98294

 0.72161 0.63074
 0.83109 0.86181
 0.15857 0.12784
 0.15551 0.12485
neighbor
 0.56398 0.49236
 0.54838 0.62721
 0.33475 0.26929
 0.32817 0.26248
 0.56398 0.49236
 0.54838 0.62721
 0.33475 0.26929
 0.32817 0.26248
strict tensor(34628) tensor(238836) tensor(29492) tensor(17595992)
neighbor tensor(94287) tensor(179177) tensor(129626) tensor(17495858)
TEST EPOCH INFO: 
Point-> POD: 0.54005  FAR: 0.87337  TS: 0.11430  ETS: 0.11143 FOM: 0.45995 BIAS: 4.26488 HSS: 0.20051 PC: 0.98501
Neighbor-> POD: 0.42109  FAR: 0.65521  TS: 0.23391  ETS: 0.22735 FOM: 0.57891 BIAS: 1.22130 HSS: 0.37048 PC: 0.98275

 0.72161 0.63074 0.54005
 0.83109 0.86181 0.87337
 0.15857 0.12784 0.11430
 0.15551 0.12485 0.11143
neighbor
 0.56398 0.49236 0.42109
 0.54838 0.62721 0.65521
 0.33475 0.26929 0.23391
 0.32817 0.26248 0.22735
 0.56398 0.49236 0.42109
 0.54838 0.62721 0.65521
 0.33475 0.26929 0.23391
 0.32817 0.26248 0.22735
strict tensor(38763) tensor(287854) tensor(45056) tensor(23493591)
neighbor tensor(106184) tensor(220433) tensor(187284) tensor(23351363)
TEST EPOCH INFO: 
Point-> POD: 0.46246  FAR: 0.88132  TS: 0.10429  ETS: 0.10152 FOM: 0.53754 BIAS: 3.89669 HSS: 0.18433 PC: 0.98605
Neighbor-> POD: 0.36182  FAR: 0.67490  TS: 0.20662  ETS: 0.20037 FOM: 0.63818 BIAS: 1.11296 HSS: 0.33385 PC: 0.98292

 0.72161 0.63074 0.54005 0.46246
 0.83109 0.86181 0.87337 0.88132
 0.15857 0.12784 0.11430 0.10429
 0.15551 0.12485 0.11143 0.10152
neighbor
 0.56398 0.49236 0.42109 0.36182
 0.54838 0.62721 0.65521 0.67490
 0.33475 0.26929 0.23391 0.20662
 0.32817 0.26248 0.22735 0.20037
 0.56398 0.49236 0.42109 0.36182
 0.54838 0.62721 0.65521 0.67490
 0.33475 0.26929 0.23391 0.20662
 0.32817 0.26248 0.22735 0.20037
strict tensor(42296) tensor(326743) tensor(62724) tensor(29399817)
neighbor tensor(116121) tensor(252918) tensor(251417) tensor(29211124)
TEST EPOCH INFO: 
Point-> POD: 0.40274  FAR: 0.88539  TS: 0.09796  ETS: 0.09524 FOM: 0.59726 BIAS: 3.51399 HSS: 0.17391 PC: 0.98694
Neighbor-> POD: 0.31594  FAR: 0.68534  TS: 0.18715  ETS: 0.18115 FOM: 0.68406 BIAS: 1.00408 HSS: 0.30674 PC: 0.98309

 0.72161 0.63074 0.54005 0.46246 0.40274
 0.83109 0.86181 0.87337 0.88132 0.88539
 0.15857 0.12784 0.11430 0.10429 0.09796
 0.15551 0.12485 0.11143 0.10152 0.09524
neighbor
 0.56398 0.49236 0.42109 0.36182 0.31594
 0.54838 0.62721 0.65521 0.67490 0.68534
 0.33475 0.26929 0.23391 0.20662 0.18715
 0.32817 0.26248 0.22735 0.20037 0.18115
 0.56398 0.49236 0.42109 0.36182 0.31594
 0.54838 0.62721 0.65521 0.67490 0.68534
 0.33475 0.26929 0.23391 0.20662 0.18715
 0.32817 0.26248 0.22735 0.20037 0.18115
strict tensor(46182) tensor(363645) tensor(82071) tensor(35305998)
neighbor tensor(126269) tensor(283558) tensor(320592) tensor(35067477)
TEST EPOCH INFO: 
Point-> POD: 0.36009  FAR: 0.88731  TS: 0.09389  ETS: 0.09117 FOM: 0.63991 BIAS: 3.19546 HSS: 0.16711 PC: 0.98755
Neighbor-> POD: 0.28257  FAR: 0.69190  TS: 0.17287  ETS: 0.16704 FOM: 0.71743 BIAS: 0.91712 HSS: 0.28626 PC: 0.98312

 0.72161 0.63074 0.54005 0.46246 0.40274 0.36009
 0.83109 0.86181 0.87337 0.88132 0.88539 0.88731
 0.15857 0.12784 0.11430 0.10429 0.09796 0.09389
 0.15551 0.12485 0.11143 0.10152 0.09524 0.09117
neighbor
 0.56398 0.49236 0.42109 0.36182 0.31594 0.28257
 0.54838 0.62721 0.65521 0.67490 0.68534 0.69190
 0.33475 0.26929 0.23391 0.20662 0.18715 0.17287
 0.32817 0.26248 0.22735 0.20037 0.18115 0.16704
 0.56398 0.49236 0.42109 0.36182 0.31594 0.28257
 0.54838 0.62721 0.65521 0.67490 0.68534 0.69190
 0.33475 0.26929 0.23391 0.20662 0.18715 0.17287
 0.32817 0.26248 0.22735 0.20037 0.18115 0.16704
strict tensor(49740) tensor(403400) tensor(101828) tensor(41209244)
neighbor tensor(135731) tensor(317409) tensor(391233) tensor(40919839)
TEST EPOCH INFO: 
Point-> POD: 0.32817  FAR: 0.89023  TS: 0.08963  ETS: 0.08692 FOM: 0.67183 BIAS: 2.98968 HSS: 0.15994 PC: 0.98790
Neighbor-> POD: 0.25757  FAR: 0.70047  TS: 0.16075  ETS: 0.15503 FOM: 0.74243 BIAS: 0.85991 HSS: 0.26844 PC: 0.98303

 0.72161 0.63074 0.54005 0.46246 0.40274 0.36009 0.32817
 0.83109 0.86181 0.87337 0.88132 0.88539 0.88731 0.89023
 0.15857 0.12784 0.11430 0.10429 0.09796 0.09389 0.08963
 0.15551 0.12485 0.11143 0.10152 0.09524 0.09117 0.08692
neighbor
 0.56398 0.49236 0.42109 0.36182 0.31594 0.28257 0.25757
 0.54838 0.62721 0.65521 0.67490 0.68534 0.69190 0.70047
 0.33475 0.26929 0.23391 0.20662 0.18715 0.17287 0.16075
 0.32817 0.26248 0.22735 0.20037 0.18115 0.16704 0.15503
 0.56398 0.49236 0.42109 0.36182 0.31594 0.28257 0.25757
 0.54838 0.62721 0.65521 0.67490 0.68534 0.69190 0.70047
 0.33475 0.26929 0.23391 0.20662 0.18715 0.17287 0.16075
 0.32817 0.26248 0.22735 0.20037 0.18115 0.16704 0.15503
strict tensor(52873) tensor(445203) tensor(120073) tensor(47112379)
neighbor tensor(144097) tensor(353979) tensor(457584) tensor(46774868)
TEST EPOCH INFO: 
Point-> POD: 0.30572  FAR: 0.89385  TS: 0.08553  ETS: 0.08286 FOM: 0.69428 BIAS: 2.87995 HSS: 0.15303 PC: 0.98816
Neighbor-> POD: 0.23949  FAR: 0.71069  TS: 0.15078  ETS: 0.14517 FOM: 0.76051 BIAS: 0.82781 HSS: 0.25353 PC: 0.98300

 0.72161 0.63074 0.54005 0.46246 0.40274 0.36009 0.32817 0.30572
 0.83109 0.86181 0.87337 0.88132 0.88539 0.88731 0.89023 0.89385
 0.15857 0.12784 0.11430 0.10429 0.09796 0.09389 0.08963 0.08553
 0.15551 0.12485 0.11143 0.10152 0.09524 0.09117 0.08692 0.08286
neighbor
 0.56398 0.49236 0.42109 0.36182 0.31594 0.28257 0.25757 0.23949
 0.54838 0.62721 0.65521 0.67490 0.68534 0.69190 0.70047 0.71069
 0.33475 0.26929 0.23391 0.20662 0.18715 0.17287 0.16075 0.15078
 0.32817 0.26248 0.22735 0.20037 0.18115 0.16704 0.15503 0.14517
 0.56398 0.49236 0.42109 0.36182 0.31594 0.28257 0.25757 0.23949
 0.54838 0.62721 0.65521 0.67490 0.68534 0.69190 0.70047 0.71069
 0.33475 0.26929 0.23391 0.20662 0.18715 0.17287 0.16075 0.15078
 0.32817 0.26248 0.22735 0.20037 0.18115 0.16704 0.15503 0.14517
strict tensor(55620) tensor(483211) tensor(137431) tensor(53020582)
neighbor tensor(151579) tensor(387252) tensor(522008) tensor(52636005)
TEST EPOCH INFO: 
Point-> POD: 0.28811  FAR: 0.89678  TS: 0.08225  ETS: 0.07961 FOM: 0.71189 BIAS: 2.79113 HSS: 0.14748 PC: 0.98844
Neighbor-> POD: 0.22503  FAR: 0.71869  TS: 0.14289  ETS: 0.13739 FOM: 0.77497 BIAS: 0.79994 HSS: 0.24159 PC: 0.98307

 0.72161 0.63074 0.54005 0.46246 0.40274 0.36009 0.32817 0.30572 0.28811
 0.83109 0.86181 0.87337 0.88132 0.88539 0.88731 0.89023 0.89385 0.89678
 0.15857 0.12784 0.11430 0.10429 0.09796 0.09389 0.08963 0.08553 0.08225
 0.15551 0.12485 0.11143 0.10152 0.09524 0.09117 0.08692 0.08286 0.07961
neighbor
 0.56398 0.49236 0.42109 0.36182 0.31594 0.28257 0.25757 0.23949 0.22503
 0.54838 0.62721 0.65521 0.67490 0.68534 0.69190 0.70047 0.71069 0.71869
 0.33475 0.26929 0.23391 0.20662 0.18715 0.17287 0.16075 0.15078 0.14289
 0.32817 0.26248 0.22735 0.20037 0.18115 0.16704 0.15503 0.14517 0.13739
 0.56398 0.49236 0.42109 0.36182 0.31594 0.28257 0.25757 0.23949 0.22503
 0.54838 0.62721 0.65521 0.67490 0.68534 0.69190 0.70047 0.71069 0.71869
 0.33475 0.26929 0.23391 0.20662 0.18715 0.17287 0.16075 0.15078 0.14289
 0.32817 0.26248 0.22735 0.20037 0.18115 0.16704 0.15503 0.14517 0.13739
strict tensor(58162) tensor(517542) tensor(154560) tensor(58932896)
neighbor tensor(158404) tensor(417300) tensor(584649) tensor(58502807)
TEST EPOCH INFO: 
Point-> POD: 0.27342  FAR: 0.89897  TS: 0.07965  ETS: 0.07705 FOM: 0.72658 BIAS: 2.70637 HSS: 0.14308 PC: 0.98874
Neighbor-> POD: 0.21318  FAR: 0.72485  TS: 0.13651  ETS: 0.13114 FOM: 0.78682 BIAS: 0.77478 HSS: 0.23188 PC: 0.98321

 0.72161 0.63074 0.54005 0.46246 0.40274 0.36009 0.32817 0.30572 0.28811 0.27342
 0.83109 0.86181 0.87337 0.88132 0.88539 0.88731 0.89023 0.89385 0.89678 0.89897
 0.15857 0.12784 0.11430 0.10429 0.09796 0.09389 0.08963 0.08553 0.08225 0.07965
 0.15551 0.12485 0.11143 0.10152 0.09524 0.09117 0.08692 0.08286 0.07961 0.07705
neighbor
 0.56398 0.49236 0.42109 0.36182 0.31594 0.28257 0.25757 0.23949 0.22503 0.21318
 0.54838 0.62721 0.65521 0.67490 0.68534 0.69190 0.70047 0.71069 0.71869 0.72485
 0.33475 0.26929 0.23391 0.20662 0.18715 0.17287 0.16075 0.15078 0.14289 0.13651
 0.32817 0.26248 0.22735 0.20037 0.18115 0.16704 0.15503 0.14517 0.13739 0.13114
 0.56398 0.49236 0.42109 0.36182 0.31594 0.28257 0.25757 0.23949 0.22503 0.21318
 0.54838 0.62721 0.65521 0.67490 0.68534 0.69190 0.70047 0.71069 0.71869 0.72485
 0.33475 0.26929 0.23391 0.20662 0.18715 0.17287 0.16075 0.15078 0.14289 0.13651
 0.32817 0.26248 0.22735 0.20037 0.18115 0.16704 0.15503 0.14517 0.13739 0.13114
strict tensor(60582) tensor(547117) tensor(173273) tensor(64848504)
neighbor tensor(165072) tensor(442627) tensor(651793) tensor(64369984)
TEST EPOCH INFO: 
Point-> POD: 0.25906  FAR: 0.90031  TS: 0.07757  ETS: 0.07501 FOM: 0.74094 BIAS: 2.59861 HSS: 0.13955 PC: 0.98902
Neighbor-> POD: 0.20208  FAR: 0.72837  TS: 0.13106  ETS: 0.12581 FOM: 0.79792 BIAS: 0.74394 HSS: 0.22351 PC: 0.98332

 0.72161 0.63074 0.54005 0.46246 0.40274 0.36009 0.32817 0.30572 0.28811 0.27342 0.25906
 0.83109 0.86181 0.87337 0.88132 0.88539 0.88731 0.89023 0.89385 0.89678 0.89897 0.90031
 0.15857 0.12784 0.11430 0.10429 0.09796 0.09389 0.08963 0.08553 0.08225 0.07965 0.07757
 0.15551 0.12485 0.11143 0.10152 0.09524 0.09117 0.08692 0.08286 0.07961 0.07705 0.07501
neighbor
 0.56398 0.49236 0.42109 0.36182 0.31594 0.28257 0.25757 0.23949 0.22503 0.21318 0.20208
 0.54838 0.62721 0.65521 0.67490 0.68534 0.69190 0.70047 0.71069 0.71869 0.72485 0.72837
 0.33475 0.26929 0.23391 0.20662 0.18715 0.17287 0.16075 0.15078 0.14289 0.13651 0.13106
 0.32817 0.26248 0.22735 0.20037 0.18115 0.16704 0.15503 0.14517 0.13739 0.13114 0.12581
 0.56398 0.49236 0.42109 0.36182 0.31594 0.28257 0.25757 0.23949 0.22503 0.21318 0.20208
 0.54838 0.62721 0.65521 0.67490 0.68534 0.69190 0.70047 0.71069 0.71869 0.72485 0.72837
 0.33475 0.26929 0.23391 0.20662 0.18715 0.17287 0.16075 0.15078 0.14289 0.13651 0.13106
 0.32817 0.26248 0.22735 0.20037 0.18115 0.16704 0.15503 0.14517 0.13739 0.13114 0.12581
strict tensor(62628) tensor(572158) tensor(194362) tensor(70766644)
neighbor tensor(170847) tensor(463939) tensor(724906) tensor(70236100)
TEST EPOCH INFO: 
Point-> POD: 0.24370  FAR: 0.90134  TS: 0.07553  ETS: 0.07299 FOM: 0.75630 BIAS: 2.47008 HSS: 0.13604 PC: 0.98929
Neighbor-> POD: 0.19073  FAR: 0.73086  TS: 0.12565  ETS: 0.12051 FOM: 0.80927 BIAS: 0.70866 HSS: 0.21511 PC: 0.98339

 0.72161 0.63074 0.54005 0.46246 0.40274 0.36009 0.32817 0.30572 0.28811 0.27342 0.25906 0.24370
 0.83109 0.86181 0.87337 0.88132 0.88539 0.88731 0.89023 0.89385 0.89678 0.89897 0.90031 0.90134
 0.15857 0.12784 0.11430 0.10429 0.09796 0.09389 0.08963 0.08553 0.08225 0.07965 0.07757 0.07553
 0.15551 0.12485 0.11143 0.10152 0.09524 0.09117 0.08692 0.08286 0.07961 0.07705 0.07501 0.07299
neighbor
 0.56398 0.49236 0.42109 0.36182 0.31594 0.28257 0.25757 0.23949 0.22503 0.21318 0.20208 0.19073
 0.54838 0.62721 0.65521 0.67490 0.68534 0.69190 0.70047 0.71069 0.71869 0.72485 0.72837 0.73086
 0.33475 0.26929 0.23391 0.20662 0.18715 0.17287 0.16075 0.15078 0.14289 0.13651 0.13106 0.12565
 0.32817 0.26248 0.22735 0.20037 0.18115 0.16704 0.15503 0.14517 0.13739 0.13114 0.12581 0.12051
 0.56398 0.49236 0.42109 0.36182 0.31594 0.28257 0.25757 0.23949 0.22503 0.21318 0.20208 0.19073
 0.54838 0.62721 0.65521 0.67490 0.68534 0.69190 0.70047 0.71069 0.71869 0.72485 0.72837 0.73086
 0.33475 0.26929 0.23391 0.20662 0.18715 0.17287 0.16075 0.15078 0.14289 0.13651 0.13106 0.12565
 0.32817 0.26248 0.22735 0.20037 0.18115 0.16704 0.15503 0.14517 0.13739 0.13114 0.12581 0.12051
